<?xml version="1.0" encoding="UTF-8"?>
<!-- Generated by org.testng.reporters.JUnitXMLReporter -->
<testsuite ignored="0" hostname="YASHWANTH" failures="0" tests="4" name="Test" time="50.327" errors="0" timestamp="2023-04-05T21:11:24 IST">
  <testcase classname="skill.testscript3" name="test1" time="4.438"/>
  <testcase classname="skill.testscript2" name="test1" time="30.685"/>
  <testcase classname="skill.testscript1" name="test1" time="2.412"/>
  <testcase classname="skill.testscript4" name="test1" time="5.777"/>
</testsuite> <!-- Test -->
