<?xml version="1.0" encoding="UTF-8"?>
<!-- Generated by org.testng.reporters.JUnitXMLReporter -->
<testsuite ignored="0" hostname="YASHWANTH" failures="0" tests="4" name="Test" time="23.574" errors="0" timestamp="2023-04-07T21:08:22 IST">
  <testcase classname="skill.testscript3" name="test1" time="4.548"/>
  <testcase classname="skill.testscript2" name="test1" time="4.628"/>
  <testcase classname="skill.testscript1" name="test1" time="2.514"/>
  <testcase classname="skill.testscript4" name="test1" time="3.503"/>
</testsuite> <!-- Test -->
