<?xml version="1.0" encoding="UTF-8"?>
<!-- Generated by org.testng.reporters.JUnitXMLReporter -->
<testsuite ignored="0" hostname="YASHWANTH" failures="0" tests="4" name="Test1" time="52.738" errors="0" timestamp="2023-05-18T11:41:30 IST">
  <testcase classname="skill.testscript3" name="test1" time="15.608"/>
  <testcase classname="skill.testscript2" name="test1" time="15.925"/>
  <testcase classname="skill.testscript1" name="test1" time="3.504"/>
  <testcase classname="skill.testscript4" name="test1" time="5.225"/>
</testsuite> <!-- Test1 -->
