<?xml version="1.0" encoding="UTF-8"?>
<testng-results ignored="0" total="4" passed="3" failed="1" skipped="0">
  <reporter-output>
  </reporter-output>
  <suite started-at="2023-09-03T14:16:00 IST" name="Suite" finished-at="2023-09-03T14:17:43 IST" duration-ms="102856">
    <groups>
    </groups>
    <test started-at="2023-09-03T14:16:00 IST" name="Test" finished-at="2023-09-03T14:17:43 IST" duration-ms="102856">
      <class name="skill.testscript3">
        <test-method is-config="true" signature="classconfigration()[pri:0, instance:skill.testscript3@58d75e99]" started-at="2023-09-03T14:16:00 IST" name="classconfigration" finished-at="2023-09-03T14:16:49 IST" duration-ms="48600" status="PASS">
          <reporter-output>
          </reporter-output>
        </test-method> <!-- classconfigration -->
        <test-method is-config="true" signature="methodconfigration()[pri:0, instance:skill.testscript3@58d75e99]" started-at="2023-09-03T14:16:49 IST" name="methodconfigration" finished-at="2023-09-03T14:16:50 IST" duration-ms="816" status="PASS">
          <reporter-output>
          </reporter-output>
        </test-method> <!-- methodconfigration -->
        <test-method signature="test1()[pri:0, instance:skill.testscript3@58d75e99]" started-at="2023-09-03T14:16:50 IST" name="test1" finished-at="2023-09-03T14:16:59 IST" duration-ms="9767" status="PASS">
          <reporter-output>
          </reporter-output>
        </test-method> <!-- test1 -->
        <test-method is-config="true" signature="closethebrowser()[pri:0, instance:skill.testscript3@58d75e99]" started-at="2023-09-03T14:16:59 IST" name="closethebrowser" finished-at="2023-09-03T14:17:00 IST" duration-ms="344" status="PASS">
          <reporter-output>
          </reporter-output>
        </test-method> <!-- closethebrowser -->
        <test-method is-config="true" signature="methodteardown()[pri:0, instance:skill.testscript3@58d75e99]" started-at="2023-09-03T14:16:59 IST" name="methodteardown" finished-at="2023-09-03T14:16:59 IST" duration-ms="0" status="PASS">
          <reporter-output>
          </reporter-output>
        </test-method> <!-- methodteardown -->
      </class> <!-- skill.testscript3 -->
      <class name="skill.testscript2">
        <test-method is-config="true" signature="classconfigration()[pri:0, instance:skill.testscript2@e15b7e8]" started-at="2023-09-03T14:17:00 IST" name="classconfigration" finished-at="2023-09-03T14:17:05 IST" duration-ms="5104" status="PASS">
          <reporter-output>
          </reporter-output>
        </test-method> <!-- classconfigration -->
        <test-method is-config="true" signature="methodconfigration()[pri:0, instance:skill.testscript2@e15b7e8]" started-at="2023-09-03T14:17:05 IST" name="methodconfigration" finished-at="2023-09-03T14:17:05 IST" duration-ms="61" status="PASS">
          <reporter-output>
          </reporter-output>
        </test-method> <!-- methodconfigration -->
        <test-method signature="test1()[pri:0, instance:skill.testscript2@e15b7e8]" started-at="2023-09-03T14:17:05 IST" name="test1" finished-at="2023-09-03T14:17:22 IST" duration-ms="16684" status="FAIL">
          <exception class="org.openqa.selenium.NoSuchElementException">
            <message>
              <![CDATA[no such element: Unable to locate element: {"method":"xpath","selector":"//h1[text()="Testing"]"}
  (Session info: MicrosoftEdge=116.0.1938.69)
For documentation on this error, please visit: https://www.seleniumhq.org/exceptions/no_such_element.html
Build info: version: '3.141.59', revision: 'e82be7d358', time: '2018-11-14T08:17:03'
System info: host: 'YASHWANTH', ip: '192.168.57.172', os.name: 'Windows 11', os.arch: 'amd64', os.version: '10.0', java.version: '17.0.5'
Driver info: org.openqa.selenium.edge.EdgeDriver
Capabilities {acceptInsecureCerts: false, browserName: msedge, browserVersion: 116.0.1938.69, fedcm:accounts: true, javascriptEnabled: true, ms:edgeOptions: {debuggerAddress: localhost:54451}, msedge: {msedgedriverVersion: 116.0.1938.69 (62ef76ea75c4..., userDataDir: C:\Users\yashu\AppData\Loca...}, networkConnectionEnabled: false, pageLoadStrategy: normal, platform: WINDOWS, platformName: WINDOWS, proxy: Proxy(), setWindowRect: true, strictFileInteractability: false, timeouts: {implicit: 0, pageLoad: 300000, script: 30000}, unhandledPromptBehavior: dismiss and notify, webauthn:extension:credBlob: true, webauthn:extension:largeBlob: true, webauthn:extension:minPinLength: true, webauthn:extension:prf: true, webauthn:virtualAuthenticators: true}
Session ID: e41df92926f1d9392eb95893d3c86bc3
*** Element info: {Using=xpath, value=//h1[text()="Testing"]}]]>
            </message>
            <full-stacktrace>
              <![CDATA[org.openqa.selenium.NoSuchElementException: no such element: Unable to locate element: {"method":"xpath","selector":"//h1[text()="Testing"]"}
  (Session info: MicrosoftEdge=116.0.1938.69)
For documentation on this error, please visit: https://www.seleniumhq.org/exceptions/no_such_element.html
Build info: version: '3.141.59', revision: 'e82be7d358', time: '2018-11-14T08:17:03'
System info: host: 'YASHWANTH', ip: '192.168.57.172', os.name: 'Windows 11', os.arch: 'amd64', os.version: '10.0', java.version: '17.0.5'
Driver info: org.openqa.selenium.edge.EdgeDriver
Capabilities {acceptInsecureCerts: false, browserName: msedge, browserVersion: 116.0.1938.69, fedcm:accounts: true, javascriptEnabled: true, ms:edgeOptions: {debuggerAddress: localhost:54451}, msedge: {msedgedriverVersion: 116.0.1938.69 (62ef76ea75c4..., userDataDir: C:\Users\yashu\AppData\Loca...}, networkConnectionEnabled: false, pageLoadStrategy: normal, platform: WINDOWS, platformName: WINDOWS, proxy: Proxy(), setWindowRect: true, strictFileInteractability: false, timeouts: {implicit: 0, pageLoad: 300000, script: 30000}, unhandledPromptBehavior: dismiss and notify, webauthn:extension:credBlob: true, webauthn:extension:largeBlob: true, webauthn:extension:minPinLength: true, webauthn:extension:prf: true, webauthn:virtualAuthenticators: true}
Session ID: e41df92926f1d9392eb95893d3c86bc3
*** Element info: {Using=xpath, value=//h1[text()="Testing"]}
at java.base/jdk.internal.reflect.NativeConstructorAccessorImpl.newInstance0(Native Method)
at java.base/jdk.internal.reflect.NativeConstructorAccessorImpl.newInstance(NativeConstructorAccessorImpl.java:77)
at java.base/jdk.internal.reflect.DelegatingConstructorAccessorImpl.newInstance(DelegatingConstructorAccessorImpl.java:45)
at java.base/java.lang.reflect.Constructor.newInstanceWithCaller(Constructor.java:499)
at java.base/java.lang.reflect.Constructor.newInstance(Constructor.java:480)
at org.openqa.selenium.remote.http.W3CHttpResponseCodec.createException(W3CHttpResponseCodec.java:187)
at org.openqa.selenium.remote.http.W3CHttpResponseCodec.decode(W3CHttpResponseCodec.java:122)
at org.openqa.selenium.remote.http.W3CHttpResponseCodec.decode(W3CHttpResponseCodec.java:49)
at org.openqa.selenium.remote.HttpCommandExecutor.execute(HttpCommandExecutor.java:158)
at org.openqa.selenium.remote.service.DriverCommandExecutor.execute(DriverCommandExecutor.java:83)
at org.openqa.selenium.remote.RemoteWebDriver.execute(RemoteWebDriver.java:552)
at org.openqa.selenium.remote.RemoteWebDriver.findElement(RemoteWebDriver.java:323)
at org.openqa.selenium.remote.RemoteWebDriver.findElementByXPath(RemoteWebDriver.java:428)
at org.openqa.selenium.By$ByXPath.findElement(By.java:353)
at org.openqa.selenium.remote.RemoteWebDriver.findElement(RemoteWebDriver.java:315)
at org.openqa.selenium.support.pagefactory.DefaultElementLocator.findElement(DefaultElementLocator.java:69)
at org.openqa.selenium.support.pagefactory.internal.LocatingElementHandler.invoke(LocatingElementHandler.java:38)
at jdk.proxy2/jdk.proxy2.$Proxy14.getText(Unknown Source)
at popmpages.testpage.getpageHeader(testpage.java:33)
at skill.testscript2.test1(testscript2.java:19)
at java.base/jdk.internal.reflect.NativeMethodAccessorImpl.invoke0(Native Method)
at java.base/jdk.internal.reflect.NativeMethodAccessorImpl.invoke(NativeMethodAccessorImpl.java:77)
at java.base/jdk.internal.reflect.DelegatingMethodAccessorImpl.invoke(DelegatingMethodAccessorImpl.java:43)
at java.base/java.lang.reflect.Method.invoke(Method.java:568)
at org.testng.internal.MethodInvocationHelper.invokeMethod(MethodInvocationHelper.java:133)
at org.testng.internal.TestInvoker.invokeMethod(TestInvoker.java:598)
at org.testng.internal.TestInvoker.invokeTestMethod(TestInvoker.java:173)
at org.testng.internal.MethodRunner.runInSequence(MethodRunner.java:46)
at org.testng.internal.TestInvoker$MethodInvocationAgent.invoke(TestInvoker.java:824)
at org.testng.internal.TestInvoker.invokeTestMethods(TestInvoker.java:146)
at org.testng.internal.TestMethodWorker.invokeTestMethods(TestMethodWorker.java:146)
at org.testng.internal.TestMethodWorker.run(TestMethodWorker.java:128)
at java.base/java.util.ArrayList.forEach(ArrayList.java:1511)
at org.testng.TestRunner.privateRun(TestRunner.java:794)
at org.testng.TestRunner.run(TestRunner.java:596)
at org.testng.SuiteRunner.runTest(SuiteRunner.java:377)
at org.testng.SuiteRunner.runSequentially(SuiteRunner.java:371)
at org.testng.SuiteRunner.privateRun(SuiteRunner.java:332)
at org.testng.SuiteRunner.run(SuiteRunner.java:276)
at org.testng.SuiteRunnerWorker.runSuite(SuiteRunnerWorker.java:53)
at org.testng.SuiteRunnerWorker.run(SuiteRunnerWorker.java:96)
at org.testng.TestNG.runSuitesSequentially(TestNG.java:1212)
at org.testng.TestNG.runSuitesLocally(TestNG.java:1134)
at org.testng.TestNG.runSuites(TestNG.java:1063)
at org.testng.TestNG.run(TestNG.java:1031)
at org.testng.remote.AbstractRemoteTestNG.run(AbstractRemoteTestNG.java:115)
at org.testng.remote.RemoteTestNG.initAndRun(RemoteTestNG.java:251)
at org.testng.remote.RemoteTestNG.main(RemoteTestNG.java:77)
]]>
            </full-stacktrace>
          </exception> <!-- org.openqa.selenium.NoSuchElementException -->
          <reporter-output>
          </reporter-output>
        </test-method> <!-- test1 -->
        <test-method is-config="true" signature="closethebrowser()[pri:0, instance:skill.testscript2@e15b7e8]" started-at="2023-09-03T14:17:22 IST" name="closethebrowser" finished-at="2023-09-03T14:17:22 IST" duration-ms="364" status="PASS">
          <reporter-output>
          </reporter-output>
        </test-method> <!-- closethebrowser -->
        <test-method is-config="true" signature="methodteardown()[pri:0, instance:skill.testscript2@e15b7e8]" started-at="2023-09-03T14:17:22 IST" name="methodteardown" finished-at="2023-09-03T14:17:22 IST" duration-ms="0" status="PASS">
          <reporter-output>
          </reporter-output>
        </test-method> <!-- methodteardown -->
      </class> <!-- skill.testscript2 -->
      <class name="skill.testscript4">
        <test-method is-config="true" signature="classconfigration()[pri:0, instance:skill.testscript4@6392827e]" started-at="2023-09-03T14:17:32 IST" name="classconfigration" finished-at="2023-09-03T14:17:37 IST" duration-ms="4473" status="PASS">
          <reporter-output>
          </reporter-output>
        </test-method> <!-- classconfigration -->
        <test-method is-config="true" signature="methodconfigration()[pri:0, instance:skill.testscript4@6392827e]" started-at="2023-09-03T14:17:37 IST" name="methodconfigration" finished-at="2023-09-03T14:17:37 IST" duration-ms="50" status="PASS">
          <reporter-output>
          </reporter-output>
        </test-method> <!-- methodconfigration -->
        <test-method signature="test1()[pri:0, instance:skill.testscript4@6392827e]" started-at="2023-09-03T14:17:37 IST" name="test1" finished-at="2023-09-03T14:17:43 IST" duration-ms="6134" status="PASS">
          <reporter-output>
          </reporter-output>
        </test-method> <!-- test1 -->
        <test-method is-config="true" signature="methodteardown()[pri:0, instance:skill.testscript4@6392827e]" started-at="2023-09-03T14:17:43 IST" name="methodteardown" finished-at="2023-09-03T14:17:43 IST" duration-ms="0" status="PASS">
          <reporter-output>
          </reporter-output>
        </test-method> <!-- methodteardown -->
        <test-method is-config="true" signature="closethebrowser()[pri:0, instance:skill.testscript4@6392827e]" started-at="2023-09-03T14:17:43 IST" name="closethebrowser" finished-at="2023-09-03T14:17:43 IST" duration-ms="270" status="PASS">
          <reporter-output>
          </reporter-output>
        </test-method> <!-- closethebrowser -->
      </class> <!-- skill.testscript4 -->
      <class name="skill.testscript1">
        <test-method is-config="true" signature="classconfigration()[pri:0, instance:skill.testscript1@1b2abca6]" started-at="2023-09-03T14:17:22 IST" name="classconfigration" finished-at="2023-09-03T14:17:27 IST" duration-ms="4913" status="PASS">
          <reporter-output>
          </reporter-output>
        </test-method> <!-- classconfigration -->
        <test-method is-config="true" signature="methodconfigration()[pri:0, instance:skill.testscript1@1b2abca6]" started-at="2023-09-03T14:17:27 IST" name="methodconfigration" finished-at="2023-09-03T14:17:27 IST" duration-ms="57" status="PASS">
          <reporter-output>
          </reporter-output>
        </test-method> <!-- methodconfigration -->
        <test-method signature="test1()[pri:0, instance:skill.testscript1@1b2abca6]" started-at="2023-09-03T14:17:27 IST" name="test1" finished-at="2023-09-03T14:17:32 IST" duration-ms="4907" status="PASS">
          <reporter-output>
          </reporter-output>
        </test-method> <!-- test1 -->
        <test-method is-config="true" signature="methodteardown()[pri:0, instance:skill.testscript1@1b2abca6]" started-at="2023-09-03T14:17:32 IST" name="methodteardown" finished-at="2023-09-03T14:17:32 IST" duration-ms="0" status="PASS">
          <reporter-output>
          </reporter-output>
        </test-method> <!-- methodteardown -->
        <test-method is-config="true" signature="closethebrowser()[pri:0, instance:skill.testscript1@1b2abca6]" started-at="2023-09-03T14:17:32 IST" name="closethebrowser" finished-at="2023-09-03T14:17:32 IST" duration-ms="284" status="PASS">
          <reporter-output>
          </reporter-output>
        </test-method> <!-- closethebrowser -->
      </class> <!-- skill.testscript1 -->
    </test> <!-- Test -->
  </suite> <!-- Suite -->
</testng-results>
