<?xml version="1.0" encoding="UTF-8"?>
<testng-results ignored="0" total="4" passed="4" failed="0" skipped="0">
  <reporter-output>
  </reporter-output>
  <suite started-at="2023-04-07T21:07:59 IST" name="Suite" finished-at="2023-04-07T21:08:22 IST" duration-ms="23574">
    <groups>
    </groups>
    <test started-at="2023-04-07T21:07:59 IST" name="Test" finished-at="2023-04-07T21:08:22 IST" duration-ms="23574">
      <class name="skill.testscript3">
        <test-method is-config="true" signature="classconfigration()[pri:0, instance:skill.testscript3@5fbdfdcf]" started-at="2023-04-07T21:07:59 IST" name="classconfigration" finished-at="2023-04-07T21:08:01 IST" duration-ms="2827" status="PASS">
          <reporter-output>
          </reporter-output>
        </test-method> <!-- classconfigration -->
        <test-method is-config="true" signature="methodconfigration()[pri:0, instance:skill.testscript3@5fbdfdcf]" started-at="2023-04-07T21:08:01 IST" name="methodconfigration" finished-at="2023-04-07T21:08:02 IST" duration-ms="636" status="PASS">
          <reporter-output>
          </reporter-output>
        </test-method> <!-- methodconfigration -->
        <test-method signature="test1()[pri:0, instance:skill.testscript3@5fbdfdcf]" started-at="2023-04-07T21:08:02 IST" name="test1" finished-at="2023-04-07T21:08:07 IST" duration-ms="4548" status="PASS">
          <reporter-output>
          </reporter-output>
        </test-method> <!-- test1 -->
        <test-method is-config="true" signature="methodteardown()[pri:0, instance:skill.testscript3@5fbdfdcf]" started-at="2023-04-07T21:08:07 IST" name="methodteardown" finished-at="2023-04-07T21:08:07 IST" duration-ms="0" status="PASS">
          <reporter-output>
          </reporter-output>
        </test-method> <!-- methodteardown -->
        <test-method is-config="true" signature="closethebrowser()[pri:0, instance:skill.testscript3@5fbdfdcf]" started-at="2023-04-07T21:08:07 IST" name="closethebrowser" finished-at="2023-04-07T21:08:07 IST" duration-ms="209" status="PASS">
          <reporter-output>
          </reporter-output>
        </test-method> <!-- closethebrowser -->
      </class> <!-- skill.testscript3 -->
      <class name="skill.testscript2">
        <test-method is-config="true" signature="classconfigration()[pri:0, instance:skill.testscript2@4d465b11]" started-at="2023-04-07T21:08:07 IST" name="classconfigration" finished-at="2023-04-07T21:08:08 IST" duration-ms="1381" status="PASS">
          <reporter-output>
          </reporter-output>
        </test-method> <!-- classconfigration -->
        <test-method is-config="true" signature="methodconfigration()[pri:0, instance:skill.testscript2@4d465b11]" started-at="2023-04-07T21:08:08 IST" name="methodconfigration" finished-at="2023-04-07T21:08:08 IST" duration-ms="40" status="PASS">
          <reporter-output>
          </reporter-output>
        </test-method> <!-- methodconfigration -->
        <test-method signature="test1()[pri:0, instance:skill.testscript2@4d465b11]" started-at="2023-04-07T21:08:08 IST" name="test1" finished-at="2023-04-07T21:08:13 IST" duration-ms="4628" status="PASS">
          <reporter-output>
          </reporter-output>
        </test-method> <!-- test1 -->
        <test-method is-config="true" signature="closethebrowser()[pri:0, instance:skill.testscript2@4d465b11]" started-at="2023-04-07T21:08:13 IST" name="closethebrowser" finished-at="2023-04-07T21:08:13 IST" duration-ms="151" status="PASS">
          <reporter-output>
          </reporter-output>
        </test-method> <!-- closethebrowser -->
        <test-method is-config="true" signature="methodteardown()[pri:0, instance:skill.testscript2@4d465b11]" started-at="2023-04-07T21:08:13 IST" name="methodteardown" finished-at="2023-04-07T21:08:13 IST" duration-ms="0" status="PASS">
          <reporter-output>
          </reporter-output>
        </test-method> <!-- methodteardown -->
      </class> <!-- skill.testscript2 -->
      <class name="skill.testscript4">
        <test-method is-config="true" signature="classconfigration()[pri:0, instance:skill.testscript4@5562c41e]" started-at="2023-04-07T21:08:17 IST" name="classconfigration" finished-at="2023-04-07T21:08:18 IST" duration-ms="1187" status="PASS">
          <reporter-output>
          </reporter-output>
        </test-method> <!-- classconfigration -->
        <test-method is-config="true" signature="methodconfigration()[pri:0, instance:skill.testscript4@5562c41e]" started-at="2023-04-07T21:08:18 IST" name="methodconfigration" finished-at="2023-04-07T21:08:19 IST" duration-ms="44" status="PASS">
          <reporter-output>
          </reporter-output>
        </test-method> <!-- methodconfigration -->
        <test-method signature="test1()[pri:0, instance:skill.testscript4@5562c41e]" started-at="2023-04-07T21:08:19 IST" name="test1" finished-at="2023-04-07T21:08:22 IST" duration-ms="3503" status="PASS">
          <reporter-output>
          </reporter-output>
        </test-method> <!-- test1 -->
        <test-method is-config="true" signature="closethebrowser()[pri:0, instance:skill.testscript4@5562c41e]" started-at="2023-04-07T21:08:22 IST" name="closethebrowser" finished-at="2023-04-07T21:08:22 IST" duration-ms="125" status="PASS">
          <reporter-output>
          </reporter-output>
        </test-method> <!-- closethebrowser -->
        <test-method is-config="true" signature="methodteardown()[pri:0, instance:skill.testscript4@5562c41e]" started-at="2023-04-07T21:08:22 IST" name="methodteardown" finished-at="2023-04-07T21:08:22 IST" duration-ms="0" status="PASS">
          <reporter-output>
          </reporter-output>
        </test-method> <!-- methodteardown -->
      </class> <!-- skill.testscript4 -->
      <class name="skill.testscript1">
        <test-method is-config="true" signature="classconfigration()[pri:0, instance:skill.testscript1@53fdffa1]" started-at="2023-04-07T21:08:13 IST" name="classconfigration" finished-at="2023-04-07T21:08:15 IST" duration-ms="1589" status="PASS">
          <reporter-output>
          </reporter-output>
        </test-method> <!-- classconfigration -->
        <test-method is-config="true" signature="methodconfigration()[pri:0, instance:skill.testscript1@53fdffa1]" started-at="2023-04-07T21:08:15 IST" name="methodconfigration" finished-at="2023-04-07T21:08:15 IST" duration-ms="40" status="PASS">
          <reporter-output>
          </reporter-output>
        </test-method> <!-- methodconfigration -->
        <test-method signature="test1()[pri:0, instance:skill.testscript1@53fdffa1]" started-at="2023-04-07T21:08:15 IST" name="test1" finished-at="2023-04-07T21:08:17 IST" duration-ms="2514" status="PASS">
          <reporter-output>
          </reporter-output>
        </test-method> <!-- test1 -->
        <test-method is-config="true" signature="methodteardown()[pri:0, instance:skill.testscript1@53fdffa1]" started-at="2023-04-07T21:08:17 IST" name="methodteardown" finished-at="2023-04-07T21:08:17 IST" duration-ms="0" status="PASS">
          <reporter-output>
          </reporter-output>
        </test-method> <!-- methodteardown -->
        <test-method is-config="true" signature="closethebrowser()[pri:0, instance:skill.testscript1@53fdffa1]" started-at="2023-04-07T21:08:17 IST" name="closethebrowser" finished-at="2023-04-07T21:08:17 IST" duration-ms="128" status="PASS">
          <reporter-output>
          </reporter-output>
        </test-method> <!-- closethebrowser -->
      </class> <!-- skill.testscript1 -->
    </test> <!-- Test -->
  </suite> <!-- Suite -->
</testng-results>
